#
# There is insufficient memory for the Java Runtime Environment to continue.
# Native memory allocation (mmap) failed to map 20971520 bytes for committing reserved memory.
# Possible reasons:
#   The system is out of physical RAM or swap space
#   In 32 bit mode, the process size limit was hit
# Possible solutions:
#   Reduce memory load on the system
#   Increase physical memory or swap space
#   Check if swap backing store is full
#   Use 64 bit Java on a 64 bit OS
#   Decrease Java heap size (-Xmx/-Xms)
#   Decrease number of Java threads
#   Decrease Java thread stack sizes (-Xss)
#   Set larger code cache with -XX:ReservedCodeCacheSize=
# This output file may be truncated or incomplete.
#
#  Out of Memory Error (os_linux.cpp:2640), pid=9632, tid=0x00007f2de4ff1700
#
# JRE version:  (8.0_144-b01) (build )
# Java VM: Java HotSpot(TM) 64-Bit Server VM (25.144-b01 mixed mode linux-amd64 compressed oops)
# Failed to write core dump. Core dumps have been disabled. To enable core dumping, try "ulimit -c unlimited" before starting Java again
#

---------------  T H R E A D  ---------------

Current thread (0x00007f2ddc00b000):  JavaThread "Unknown thread" [_thread_in_vm, id=9633, stack(0x00007f2de4ef1000,0x00007f2de4ff2000)]

Stack: [0x00007f2de4ef1000,0x00007f2de4ff2000],  sp=0x00007f2de4ff0400,  free space=1021k
Native frames: (J=compiled Java code, j=interpreted, Vv=VM code, C=native code)
V  [libjvm.so+0xacb18a]  VMError::report_and_die()+0x2ba
V  [libjvm.so+0x4ff4db]  report_vm_out_of_memory(char const*, int, unsigned long, VMErrorType, char const*)+0x8b
V  [libjvm.so+0x927d23]  os::Linux::commit_memory_impl(char*, unsigned long, bool)+0x103
V  [libjvm.so+0x928279]  os::pd_commit_memory(char*, unsigned long, unsigned long, bool)+0x29
V  [libjvm.so+0x92249a]  os::commit_memory(char*, unsigned long, unsigned long, bool)+0x2a
V  [libjvm.so+0x996ff3]  PSVirtualSpace::expand_by(unsigned long)+0x53
V  [libjvm.so+0x997fb5]  PSYoungGen::initialize_virtual_space(ReservedSpace, unsigned long)+0x75
V  [libjvm.so+0x99891e]  PSYoungGen::initialize(ReservedSpace, unsigned long)+0x3e
V  [libjvm.so+0x2dabe5]  AdjoiningGenerations::AdjoiningGenerations(ReservedSpace, GenerationSizer*, unsigned long)+0x345
V  [libjvm.so+0x94b3a6]  ParallelScavengeHeap::initialize()+0x1d6
V  [libjvm.so+0xa93203]  Universe::initialize_heap()+0xf3
V  [libjvm.so+0xa9376e]  universe_init()+0x3e
V  [libjvm.so+0x640565]  init_globals()+0x65
V  [libjvm.so+0xa76e5e]  Threads::create_vm(JavaVMInitArgs*, bool*)+0x23e
V  [libjvm.so+0x6d4e64]  JNI_CreateJavaVM+0x74
C  [libjli.so+0x745e]  JavaMain+0x9e
C  [libpthread.so.0+0x76ba]  start_thread+0xca


---------------  P R O C E S S  ---------------

Java Threads: ( => current thread )

Other Threads:

=>0x00007f2ddc00b000 (exited) JavaThread "Unknown thread" [_thread_in_vm, id=9633, stack(0x00007f2de4ef1000,0x00007f2de4ff2000)]

VM state:not at safepoint (not fully initialized)

VM Mutex/Monitor currently owned by a thread: None

GC Heap History (0 events):
No events

Deoptimization events (0 events):
No events

Internal exceptions (0 events):
No events

Events (0 events):
No events


Dynamic libraries:
00400000-00401000 r-xp 00000000 08:05 1978268                            /usr/lib/jvm/java-8-oracle/bin/java
00600000-00601000 rw-p 00000000 08:05 1978268                            /usr/lib/jvm/java-8-oracle/bin/java
01f47000-01f68000 rw-p 00000000 00:00 0                                  [heap]
c4000000-ec000000 ---p 00000000 00:00 0 
ed400000-100000000 ---p 00000000 00:00 0 
7f2dcd000000-7f2dcd270000 rwxp 00000000 00:00 0 
7f2dcd270000-7f2ddc000000 ---p 00000000 00:00 0 
7f2ddc000000-7f2ddc035000 rw-p 00000000 00:00 0 
7f2ddc035000-7f2de0000000 ---p 00000000 00:00 0 
7f2de161d000-7f2de18a4000 rw-p 00000000 00:00 0 
7f2de18a4000-7f2de1a84000 ---p 00000000 00:00 0 
7f2de1a84000-7f2de1a8f000 rw-p 00000000 00:00 0 
7f2de1a8f000-7f2de1e45000 ---p 00000000 00:00 0 
7f2de1e45000-7f2de1e5f000 r-xp 00000000 08:05 1978375                    /usr/lib/jvm/java-8-oracle/jre/lib/amd64/libzip.so
7f2de1e5f000-7f2de205f000 ---p 0001a000 08:05 1978375                    /usr/lib/jvm/java-8-oracle/jre/lib/amd64/libzip.so
7f2de205f000-7f2de2060000 rw-p 0001a000 08:05 1978375                    /usr/lib/jvm/java-8-oracle/jre/lib/amd64/libzip.so
7f2de2060000-7f2de206b000 r-xp 00000000 08:05 791504                     /lib/x86_64-linux-gnu/libnss_files-2.23.so
7f2de206b000-7f2de226a000 ---p 0000b000 08:05 791504                     /lib/x86_64-linux-gnu/libnss_files-2.23.so
7f2de226a000-7f2de226b000 r--p 0000a000 08:05 791504                     /lib/x86_64-linux-gnu/libnss_files-2.23.so
7f2de226b000-7f2de226c000 rw-p 0000b000 08:05 791504                     /lib/x86_64-linux-gnu/libnss_files-2.23.so
7f2de226c000-7f2de2272000 rw-p 00000000 00:00 0 
7f2de2272000-7f2de227d000 r-xp 00000000 08:05 791514                     /lib/x86_64-linux-gnu/libnss_nis-2.23.so
7f2de227d000-7f2de247c000 ---p 0000b000 08:05 791514                     /lib/x86_64-linux-gnu/libnss_nis-2.23.so
7f2de247c000-7f2de247d000 r--p 0000a000 08:05 791514                     /lib/x86_64-linux-gnu/libnss_nis-2.23.so
7f2de247d000-7f2de247e000 rw-p 0000b000 08:05 791514                     /lib/x86_64-linux-gnu/libnss_nis-2.23.so
7f2de247e000-7f2de2494000 r-xp 00000000 08:05 791498                     /lib/x86_64-linux-gnu/libnsl-2.23.so
7f2de2494000-7f2de2693000 ---p 00016000 08:05 791498                     /lib/x86_64-linux-gnu/libnsl-2.23.so
7f2de2693000-7f2de2694000 r--p 00015000 08:05 791498                     /lib/x86_64-linux-gnu/libnsl-2.23.so
7f2de2694000-7f2de2695000 rw-p 00016000 08:05 791498                     /lib/x86_64-linux-gnu/libnsl-2.23.so
7f2de2695000-7f2de2697000 rw-p 00000000 00:00 0 
7f2de2697000-7f2de269f000 r-xp 00000000 08:05 791500                     /lib/x86_64-linux-gnu/libnss_compat-2.23.so
7f2de269f000-7f2de289e000 ---p 00008000 08:05 791500                     /lib/x86_64-linux-gnu/libnss_compat-2.23.so
7f2de289e000-7f2de289f000 r--p 00007000 08:05 791500                     /lib/x86_64-linux-gnu/libnss_compat-2.23.so
7f2de289f000-7f2de28a0000 rw-p 00008000 08:05 791500                     /lib/x86_64-linux-gnu/libnss_compat-2.23.so
7f2de28a0000-7f2de28aa000 r-xp 00000000 08:05 1978407                    /usr/lib/jvm/java-8-oracle/jre/lib/amd64/libinstrument.so
7f2de28aa000-7f2de2aa9000 ---p 0000a000 08:05 1978407                    /usr/lib/jvm/java-8-oracle/jre/lib/amd64/libinstrument.so
7f2de2aa9000-7f2de2aaa000 rw-p 00009000 08:05 1978407                    /usr/lib/jvm/java-8-oracle/jre/lib/amd64/libinstrument.so
7f2de2aaa000-7f2de2ad5000 r-xp 00000000 08:05 1978400                    /usr/lib/jvm/java-8-oracle/jre/lib/amd64/libjava.so
7f2de2ad5000-7f2de2cd4000 ---p 0002b000 08:05 1978400                    /usr/lib/jvm/java-8-oracle/jre/lib/amd64/libjava.so
7f2de2cd4000-7f2de2cd6000 rw-p 0002a000 08:05 1978400                    /usr/lib/jvm/java-8-oracle/jre/lib/amd64/libjava.so
7f2de2cd6000-7f2de2ce3000 r-xp 00000000 08:05 1978353                    /usr/lib/jvm/java-8-oracle/jre/lib/amd64/libverify.so
7f2de2ce3000-7f2de2ee3000 ---p 0000d000 08:05 1978353                    /usr/lib/jvm/java-8-oracle/jre/lib/amd64/libverify.so
7f2de2ee3000-7f2de2ee5000 rw-p 0000d000 08:05 1978353                    /usr/lib/jvm/java-8-oracle/jre/lib/amd64/libverify.so
7f2de2ee5000-7f2de2eec000 r-xp 00000000 08:05 791559                     /lib/x86_64-linux-gnu/librt-2.23.so
7f2de2eec000-7f2de30eb000 ---p 00007000 08:05 791559                     /lib/x86_64-linux-gnu/librt-2.23.so
7f2de30eb000-7f2de30ec000 r--p 00006000 08:05 791559                     /lib/x86_64-linux-gnu/librt-2.23.so
7f2de30ec000-7f2de30ed000 rw-p 00007000 08:05 791559                     /lib/x86_64-linux-gnu/librt-2.23.so
7f2de30ed000-7f2de31f5000 r-xp 00000000 08:05 791475                     /lib/x86_64-linux-gnu/libm-2.23.so
7f2de31f5000-7f2de33f4000 ---p 00108000 08:05 791475                     /lib/x86_64-linux-gnu/libm-2.23.so
7f2de33f4000-7f2de33f5000 r--p 00107000 08:05 791475                     /lib/x86_64-linux-gnu/libm-2.23.so
7f2de33f5000-7f2de33f6000 rw-p 00108000 08:05 791475                     /lib/x86_64-linux-gnu/libm-2.23.so
7f2de33f6000-7f2de40c9000 r-xp 00000000 08:05 2099234                    /usr/lib/jvm/java-8-oracle/jre/lib/amd64/server/libjvm.so
7f2de40c9000-7f2de42c8000 ---p 00cd3000 08:05 2099234                    /usr/lib/jvm/java-8-oracle/jre/lib/amd64/server/libjvm.so
7f2de42c8000-7f2de43a2000 rw-p 00cd2000 08:05 2099234                    /usr/lib/jvm/java-8-oracle/jre/lib/amd64/server/libjvm.so
7f2de43a2000-7f2de43ed000 rw-p 00000000 00:00 0 
7f2de43ed000-7f2de45ad000 r-xp 00000000 08:05 791405                     /lib/x86_64-linux-gnu/libc-2.23.so
7f2de45ad000-7f2de47ad000 ---p 001c0000 08:05 791405                     /lib/x86_64-linux-gnu/libc-2.23.so
7f2de47ad000-7f2de47b1000 r--p 001c0000 08:05 791405                     /lib/x86_64-linux-gnu/libc-2.23.so
7f2de47b1000-7f2de47b3000 rw-p 001c4000 08:05 791405                     /lib/x86_64-linux-gnu/libc-2.23.so
7f2de47b3000-7f2de47b7000 rw-p 00000000 00:00 0 
7f2de47b7000-7f2de47ba000 r-xp 00000000 08:05 791429                     /lib/x86_64-linux-gnu/libdl-2.23.so
7f2de47ba000-7f2de49b9000 ---p 00003000 08:05 791429                     /lib/x86_64-linux-gnu/libdl-2.23.so
7f2de49b9000-7f2de49ba000 r--p 00002000 08:05 791429                     /lib/x86_64-linux-gnu/libdl-2.23.so
7f2de49ba000-7f2de49bb000 rw-p 00003000 08:05 791429                     /lib/x86_64-linux-gnu/libdl-2.23.so
7f2de49bb000-7f2de49d0000 r-xp 00000000 08:05 1969458                    /usr/lib/jvm/java-8-oracle/lib/amd64/jli/libjli.so
7f2de49d0000-7f2de4bd0000 ---p 00015000 08:05 1969458                    /usr/lib/jvm/java-8-oracle/lib/amd64/jli/libjli.so
7f2de4bd0000-7f2de4bd1000 rw-p 00015000 08:05 1969458                    /usr/lib/jvm/java-8-oracle/lib/amd64/jli/libjli.so
7f2de4bd1000-7f2de4be9000 r-xp 00000000 08:05 791551                     /lib/x86_64-linux-gnu/libpthread-2.23.so
7f2de4be9000-7f2de4de8000 ---p 00018000 08:05 791551                     /lib/x86_64-linux-gnu/libpthread-2.23.so
7f2de4de8000-7f2de4de9000 r--p 00017000 08:05 791551                     /lib/x86_64-linux-gnu/libpthread-2.23.so
7f2de4de9000-7f2de4dea000 rw-p 00018000 08:05 791551                     /lib/x86_64-linux-gnu/libpthread-2.23.so
7f2de4dea000-7f2de4dee000 rw-p 00000000 00:00 0 
7f2de4dee000-7f2de4e14000 r-xp 00000000 08:05 791377                     /lib/x86_64-linux-gnu/ld-2.23.so
7f2de4ef1000-7f2de4ef4000 ---p 00000000 00:00 0 
7f2de4ef4000-7f2de4ff6000 rw-p 00000000 00:00 0 
7f2de5007000-7f2de500f000 rw-s 00000000 08:05 1835722                    /tmp/hsperfdata_alexander/9632
7f2de500f000-7f2de5010000 rw-p 00000000 00:00 0 
7f2de5010000-7f2de5011000 r--p 00000000 00:00 0 
7f2de5011000-7f2de5013000 rw-p 00000000 00:00 0 
7f2de5013000-7f2de5014000 r--p 00025000 08:05 791377                     /lib/x86_64-linux-gnu/ld-2.23.so
7f2de5014000-7f2de5015000 rw-p 00026000 08:05 791377                     /lib/x86_64-linux-gnu/ld-2.23.so
7f2de5015000-7f2de5016000 rw-p 00000000 00:00 0 
7ffcaad7e000-7ffcaad9f000 rw-p 00000000 00:00 0                          [stack]
7ffcaadba000-7ffcaadbc000 r--p 00000000 00:00 0                          [vvar]
7ffcaadbc000-7ffcaadbe000 r-xp 00000000 00:00 0                          [vdso]
ffffffffff600000-ffffffffff601000 r-xp 00000000 00:00 0                  [vsyscall]

VM Arguments:
jvm_args: -Dmaven.multiModuleProjectDirectory=/home/alexander/Projects/NLConvertor -Dmaven.home=/opt/intellij-idea-community/plugins/maven/lib/maven3 -Dclassworlds.conf=/opt/intellij-idea-community/plugins/maven/lib/maven3/bin/m2.conf -javaagent:/opt/intellij-idea-community/lib/idea_rt.jar=33201:/opt/intellij-idea-community/bin -Dfile.encoding=UTF-8 
java_command: org.codehaus.classworlds.Launcher -Didea.version=2017.2.3 package
java_class_path (initial): /opt/intellij-idea-community/plugins/maven/lib/maven3/boot/plexus-classworlds-2.5.2.jar:/opt/intellij-idea-community/lib/idea_rt.jar
Launcher Type: SUN_STANDARD

Environment Variables:
JAVA_HOME=/usr/lib/jvm/java-8-oracle
PATH=/home/alexander/bin:/home/alexander/.local/bin:/usr/local/sbin:/usr/local/bin:/usr/sbin:/usr/bin:/sbin:/bin:/usr/games:/usr/local/games:/snap/bin:/usr/lib/jvm/java-8-oracle/bin:/usr/lib/jvm/java-8-oracle/db/bin:/usr/lib/jvm/java-8-oracle/jre/bin
LD_LIBRARY_PATH=/opt/intellij-idea-community/bin:
SHELL=/bin/bash
DISPLAY=:0

Signal Handlers:
SIGSEGV: [libjvm.so+0xacba10], sa_mask[0]=11111111011111111101111111111110, sa_flags=SA_RESTART|SA_SIGINFO
SIGBUS: [libjvm.so+0xacba10], sa_mask[0]=11111111011111111101111111111110, sa_flags=SA_RESTART|SA_SIGINFO
SIGFPE: [libjvm.so+0x924ba0], sa_mask[0]=11111111011111111101111111111110, sa_flags=SA_RESTART|SA_SIGINFO
SIGPIPE: [libjvm.so+0x924ba0], sa_mask[0]=11111111011111111101111111111110, sa_flags=SA_RESTART|SA_SIGINFO
SIGXFSZ: [libjvm.so+0x924ba0], sa_mask[0]=11111111011111111101111111111110, sa_flags=SA_RESTART|SA_SIGINFO
SIGILL: [libjvm.so+0x924ba0], sa_mask[0]=11111111011111111101111111111110, sa_flags=SA_RESTART|SA_SIGINFO
SIGUSR1: SIG_DFL, sa_mask[0]=00000000000000000000000000000000, sa_flags=none
SIGUSR2: [libjvm.so+0x9263e0], sa_mask[0]=00100000000000000000000000000000, sa_flags=SA_RESTART|SA_SIGINFO
SIGHUP: SIG_DFL, sa_mask[0]=00000000000000000000000000000000, sa_flags=none
SIGINT: SIG_DFL, sa_mask[0]=00000000000000000000000000000000, sa_flags=none
SIGTERM: SIG_DFL, sa_mask[0]=00000000000000000000000000000000, sa_flags=none
SIGQUIT: SIG_DFL, sa_mask[0]=00000000000000000000000000000000, sa_flags=none


---------------  S Y S T E M  ---------------

OS:DISTRIB_ID=Ubuntu
DISTRIB_RELEASE=16.04
DISTRIB_CODENAME=xenial
DISTRIB_DESCRIPTION="Ubuntu 16.04.3 LTS"

uname:Linux 4.10.0-33-generic #37~16.04.1-Ubuntu SMP Fri Aug 11 14:07:24 UTC 2017 x86_64
libc:glibc 2.23 NPTL 2.23 
rlimit: STACK 8192k, CORE 0k, NPROC 15164, NOFILE 1048576, AS infinity
load average:9.59 4.31 2.11

/proc/meminfo:
MemTotal:        3926676 kB
MemFree:           89900 kB
MemAvailable:          0 kB
Buffers:             352 kB
Cached:           142324 kB
SwapCached:          660 kB
Active:          2968332 kB
Inactive:         602412 kB
Active(anon):    2958296 kB
Inactive(anon):   592380 kB
Active(file):      10036 kB
Inactive(file):    10032 kB
Unevictable:         288 kB
Mlocked:             288 kB
SwapTotal:       4074492 kB
SwapFree:              0 kB
Dirty:                16 kB
Writeback:            44 kB
AnonPages:       3428248 kB
Mapped:            17516 kB
Shmem:            122532 kB
Slab:              90088 kB
SReclaimable:      30128 kB
SUnreclaim:        59960 kB
KernelStack:       14064 kB
PageTables:        90036 kB
NFS_Unstable:          0 kB
Bounce:                0 kB
WritebackTmp:          0 kB
CommitLimit:     6037828 kB
Committed_AS:   16244612 kB
VmallocTotal:   34359738367 kB
VmallocUsed:           0 kB
VmallocChunk:          0 kB
HardwareCorrupted:     0 kB
AnonHugePages:    241664 kB
ShmemHugePages:        0 kB
ShmemPmdMapped:        0 kB
CmaTotal:              0 kB
CmaFree:               0 kB
HugePages_Total:       0
HugePages_Free:        0
HugePages_Rsvd:        0
HugePages_Surp:        0
Hugepagesize:       2048 kB
DirectMap4k:      184988 kB
DirectMap2M:     3891200 kB
DirectMap1G:           0 kB


CPU:total 2 (initial active 2) (2 cores per cpu, 1 threads per core) family 6 model 94 stepping 3, cmov, cx8, fxsr, mmx, sse, sse2, sse3, ssse3, sse4.1, sse4.2, popcnt, aes, clmul, erms, 3dnowpref, lzcnt, tsc, tscinvbit

/proc/cpuinfo:
processor	: 0
vendor_id	: GenuineIntel
cpu family	: 6
model		: 94
model name	: Intel(R) Pentium(R) CPU G4400 @ 3.30GHz
stepping	: 3
microcode	: 0xba
cpu MHz		: 899.926
cache size	: 3072 KB
physical id	: 0
siblings	: 2
core id		: 0
cpu cores	: 2
apicid		: 0
initial apicid	: 0
fpu		: yes
fpu_exception	: yes
cpuid level	: 22
wp		: yes
flags		: fpu vme de pse tsc msr pae mce cx8 apic sep mtrr pge mca cmov pat pse36 clflush dts acpi mmx fxsr sse sse2 ss ht tm pbe syscall nx pdpe1gb rdtscp lm constant_tsc art arch_perfmon pebs bts rep_good nopl xtopology nonstop_tsc aperfmperf tsc_known_freq pni pclmulqdq dtes64 monitor ds_cpl vmx est tm2 ssse3 sdbg cx16 xtpr pdcm pcid sse4_1 sse4_2 x2apic movbe popcnt tsc_deadline_timer aes xsave rdrand lahf_lm abm 3dnowprefetch intel_pt tpr_shadow vnmi flexpriority ept vpid fsgsbase tsc_adjust erms invpcid rdseed smap clflushopt xsaveopt xsavec xgetbv1 xsaves dtherm arat pln pts hwp hwp_notify hwp_act_window hwp_epp
bugs		:
bogomips	: 6624.00
clflush size	: 64
cache_alignment	: 64
address sizes	: 39 bits physical, 48 bits virtual
power management:

processor	: 1
vendor_id	: GenuineIntel
cpu family	: 6
model		: 94
model name	: Intel(R) Pentium(R) CPU G4400 @ 3.30GHz
stepping	: 3
microcode	: 0xba
cpu MHz		: 899.926
cache size	: 3072 KB
physical id	: 0
siblings	: 2
core id		: 1
cpu cores	: 2
apicid		: 2
initial apicid	: 2
fpu		: yes
fpu_exception	: yes
cpuid level	: 22
wp		: yes
flags		: fpu vme de pse tsc msr pae mce cx8 apic sep mtrr pge mca cmov pat pse36 clflush dts acpi mmx fxsr sse sse2 ss ht tm pbe syscall nx pdpe1gb rdtscp lm constant_tsc art arch_perfmon pebs bts rep_good nopl xtopology nonstop_tsc aperfmperf tsc_known_freq pni pclmulqdq dtes64 monitor ds_cpl vmx est tm2 ssse3 sdbg cx16 xtpr pdcm pcid sse4_1 sse4_2 x2apic movbe popcnt tsc_deadline_timer aes xsave rdrand lahf_lm abm 3dnowprefetch intel_pt tpr_shadow vnmi flexpriority ept vpid fsgsbase tsc_adjust erms invpcid rdseed smap clflushopt xsaveopt xsavec xgetbv1 xsaves dtherm arat pln pts hwp hwp_notify hwp_act_window hwp_epp
bugs		:
bogomips	: 6624.00
clflush size	: 64
cache_alignment	: 64
address sizes	: 39 bits physical, 48 bits virtual
power management:



Memory: 4k page, physical 3926676k(89552k free), swap 4074492k(0k free)

vm_info: Java HotSpot(TM) 64-Bit Server VM (25.144-b01) for linux-amd64 JRE (1.8.0_144-b01), built on Jul 21 2017 21:57:33 by "java_re" with gcc 4.3.0 20080428 (Red Hat 4.3.0-8)

time: Tue Sep 12 12:16:31 2017
elapsed time: 2 seconds (0d 0h 0m 2s)

